2019-02-28 11:35:32,518-BrowserEngline-INFO-You had select Chrome browser
2019-02-28 11:35:32,518-BrowserEngline-INFO-The test sever url is:http://127.0.0.1/forum.php?mod=forumdisplay&fid=2
2019-02-28 11:35:35,329-BrowserEngline-INFO-Staring chrome browser.
2019-02-28 11:35:36,250-BrowserEngline-INFO-Open url:http://127.0.0.1/forum.php?mod=forumdisplay&fid=2
2019-02-28 11:35:37,402-BrowserEngline-INFO-Maximize the current window.
2019-02-28 11:35:37,404-BrowserEngline-INFO-Set implicity wait 10 seconds. 
2019-02-28 11:35:37,670-BasePage-INFO-输入内容
2019-02-28 11:35:37,797-BasePage-INFO-输入内容
2019-02-28 11:35:42,837-BrowserEngline-INFO-日志记录退出并关闭浏览器
2019-02-28 11:35:58,676-BrowserEngline-INFO-You had select Chrome browser
2019-02-28 11:35:58,676-BrowserEngline-INFO-The test sever url is:http://127.0.0.1/forum.php?mod=forumdisplay&fid=2
2019-02-28 11:36:01,556-BrowserEngline-INFO-Staring chrome browser.
2019-02-28 11:36:02,328-BrowserEngline-INFO-Open url:http://127.0.0.1/forum.php?mod=forumdisplay&fid=2
2019-02-28 11:36:03,494-BrowserEngline-INFO-Maximize the current window.
2019-02-28 11:36:03,494-BrowserEngline-INFO-Set implicity wait 10 seconds. 
2019-02-28 11:36:03,731-BasePage-INFO-输入内容
2019-02-28 11:36:03,876-BasePage-INFO-输入内容
2019-02-28 11:36:17,653-BasePage-ERROR-class name页面未找到.addtr元素
2019-02-28 11:36:28,752-BasePage-ERROR-name页面未找到iframe newforum[1][],元素
2019-02-28 11:36:40,346-BasePage-ERROR-name页面未找到iframe newforum[1][],元素
2019-02-28 11:36:40,347-BasePage-ERROR-Failed to type in input box with 'NoneType' object has no attribute 'send_keys'
2019-02-28 11:36:46,379-BasePage-ERROR-name页面未找到submit_editsubmit元素
2019-02-28 11:36:52,496-BasePage-ERROR-css selector页面未找到#header_forum元素
2019-02-28 11:36:57,761-BrowserEngline-INFO-日志记录退出并关闭浏览器
