2019-02-27 17:55:02,310-BrowserEngline-INFO-You had select Chrome browser
2019-02-27 17:55:02,310-BrowserEngline-INFO-The test sever url is:http://127.0.0.1/forum.php?mod=viewthread&tid=1&extra=
2019-02-27 17:55:05,438-BrowserEngline-INFO-Staring chrome browser.
2019-02-27 17:55:06,111-BrowserEngline-INFO-Open url:http://127.0.0.1/forum.php?mod=viewthread&tid=1&extra=
2019-02-27 17:55:07,240-BrowserEngline-INFO-Maximize the current window.
2019-02-27 17:55:07,243-BrowserEngline-INFO-Set implicity wait 10 seconds. 
2019-02-27 17:55:07,418-BasePage-INFO-输入内容
2019-02-27 17:55:07,607-BasePage-INFO-输入内容
2019-02-27 17:55:24,398-BasePage-ERROR-xpath页面未找到//*[@id="pt"]/div/a[4]元素
2019-02-27 17:55:35,500-BasePage-ERROR-css selector页面未找到.px元素
2019-02-27 17:55:35,502-BasePage-ERROR-Failed to type in input box with 'NoneType' object has no attribute 'send_keys'
2019-02-27 17:55:46,577-BasePage-ERROR-css selector页面未找到.pt元素
2019-02-27 17:55:46,577-BasePage-ERROR-Failed to type in input box with 'NoneType' object has no attribute 'send_keys'
2019-02-27 17:55:50,789-BrowserEngline-INFO-You had select Chrome browser
2019-02-27 17:55:50,789-BrowserEngline-INFO-The test sever url is:http://127.0.0.1/forum.php?mod=viewthread&tid=1&extra=
2019-02-27 17:55:54,075-BrowserEngline-INFO-Staring chrome browser.
2019-02-27 17:55:54,784-BrowserEngline-INFO-Open url:http://127.0.0.1/forum.php?mod=viewthread&tid=1&extra=
2019-02-27 17:55:55,916-BrowserEngline-INFO-Maximize the current window.
2019-02-27 17:55:55,919-BrowserEngline-INFO-Set implicity wait 10 seconds. 
2019-02-27 17:55:56,123-BasePage-INFO-输入内容
2019-02-27 17:55:56,250-BasePage-INFO-输入内容
2019-02-27 17:55:57,665-BasePage-ERROR-css selector页面未找到p .pn strong元素
2019-02-27 17:56:13,033-BasePage-ERROR-xpath页面未找到//*[@id="pt"]/div/a[4]元素
2019-02-27 17:56:18,214-BasePage-INFO-输入内容
2019-02-27 17:56:28,797-BasePage-ERROR-id页面未找到fastpostmessage元素
2019-02-27 17:56:28,797-BasePage-ERROR-Failed to type in input box with 'NoneType' object has no attribute 'send_keys'
2019-02-27 17:56:29,366-BasePage-ERROR-css selector页面未找到.pt元素
2019-02-27 17:56:29,367-BasePage-ERROR-Failed to type in input box with 'NoneType' object has no attribute 'send_keys'
2019-02-27 17:56:39,861-BasePage-ERROR-xpath页面未找到//*[@id="fastpostsubmit"]元素
2019-02-27 17:56:47,751-BrowserEngline-INFO-日志记录退出并关闭浏览器
2019-02-27 17:57:08,784-BasePage-ERROR-id页面未找到fastpostmessage元素
2019-02-27 17:57:08,784-BasePage-ERROR-Failed to type in input box with 'NoneType' object has no attribute 'send_keys'
2019-02-27 17:57:20,170-BasePage-ERROR-xpath页面未找到//*[@id="fastpostsubmit"]元素
2019-02-27 17:57:29,333-BrowserEngline-INFO-日志记录退出并关闭浏览器
