2019-02-28 14:06:05,994-BrowserEngline-INFO-You had select Chrome browser
2019-02-28 14:06:05,994-BrowserEngline-INFO-The test sever url is:http://127.0.0.1/forum.php?mod=forumdisplay&fid=2
2019-02-28 14:06:08,756-BrowserEngline-INFO-Staring chrome browser.
2019-02-28 14:06:09,474-BrowserEngline-INFO-Open url:http://127.0.0.1/forum.php?mod=forumdisplay&fid=2
2019-02-28 14:06:10,628-BrowserEngline-INFO-Maximize the current window.
2019-02-28 14:06:10,631-BrowserEngline-INFO-Set implicity wait 10 seconds. 
2019-02-28 14:06:10,858-BasePage-INFO-输入内容
2019-02-28 14:06:11,002-BasePage-INFO-输入内容
2019-02-28 14:06:13,353-BasePage-INFO-输入内容
2019-02-28 14:06:40,589-BrowserEngline-INFO-日志记录退出并关闭浏览器
2019-02-28 14:06:58,148-BrowserEngline-INFO-You had select Chrome browser
2019-02-28 14:06:58,148-BrowserEngline-INFO-The test sever url is:http://127.0.0.1/forum.php?mod=forumdisplay&fid=2
2019-02-28 14:07:01,442-BrowserEngline-INFO-Staring chrome browser.
2019-02-28 14:07:02,214-BrowserEngline-INFO-Open url:http://127.0.0.1/forum.php?mod=forumdisplay&fid=2
2019-02-28 14:07:03,345-BrowserEngline-INFO-Maximize the current window.
2019-02-28 14:07:03,349-BrowserEngline-INFO-Set implicity wait 10 seconds. 
2019-02-28 14:07:03,673-BasePage-INFO-输入内容
2019-02-28 14:07:03,853-BasePage-INFO-输入内容
2019-02-28 14:07:17,294-BasePage-ERROR-xpath页面未找到//*[@id="loginform"]/p[4]/input元素
2019-02-28 14:07:17,294-BasePage-ERROR-Failed to type in input box with 'NoneType' object has no attribute 'send_keys'
2019-02-28 14:07:28,431-BasePage-ERROR-name页面未找到submit元素
2019-02-28 14:07:35,552-BasePage-ERROR-class name页面未找到.addtr元素
2019-02-28 14:07:35,552-BasePage-ERROR-name页面未找到iframe newforum[1][],元素
2019-02-28 14:07:37,567-BasePage-ERROR-name页面未找到iframe newforum[1][],元素
2019-02-28 14:07:37,567-BasePage-ERROR-Failed to type in input box with 'NoneType' object has no attribute 'send_keys'
2019-02-28 14:07:37,583-BasePage-ERROR-name页面未找到submit_editsubmit元素
2019-02-28 14:07:42,879-BrowserEngline-INFO-日志记录退出并关闭浏览器
