2019-03-03 11:16:25,944-BrowserEngline-INFO-You had select Chrome browser
2019-03-03 11:16:25,944-BrowserEngline-INFO-The test sever url is:http://127.0.0.1/forum.php?mod=forumdisplay&fid=36
2019-03-03 11:16:29,231-BrowserEngline-INFO-Staring chrome browser.
2019-03-03 11:16:40,456-BrowserEngline-INFO-Open url:http://127.0.0.1/forum.php?mod=forumdisplay&fid=36
2019-03-03 11:16:41,617-BrowserEngline-INFO-Maximize the current window.
2019-03-03 11:16:41,619-BrowserEngline-INFO-Set implicity wait 10 seconds. 
2019-03-03 11:16:41,886-BasePage-INFO-输入内容
2019-03-03 11:16:42,035-BasePage-INFO-输入内容
2019-03-03 11:16:59,156-BasePage-ERROR-xpath页面未找到//*[@id="category_1"]/table/tbody/tr[1]/td[2]/h2/a元素
2019-03-03 11:17:22,921-BasePage-ERROR-xpath页面未找到//*[@id="loginform"]/p[4]/input元素
2019-03-03 11:17:22,922-BasePage-ERROR-Failed to type in input box with 'NoneType' object has no attribute 'send_keys'
2019-03-03 11:17:34,039-BasePage-ERROR-name页面未找到submit元素
2019-03-03 11:17:35,080-BasePage-INFO-输入内容
2019-03-03 11:17:46,733-BasePage-ERROR-link text页面未找到退出元素
2019-03-03 11:17:57,232-BasePage-INFO-输入内容
2019-03-03 11:17:57,368-BasePage-INFO-输入内容
2019-03-03 11:18:13,282-BasePage-ERROR-css selector页面未找到#category_1 > table > tbody > tr:nth-child(3) > td:nth-child(2) > h2 > a元素
2019-03-03 11:18:13,532-BasePage-INFO-输入内容
2019-03-03 11:18:13,732-BasePage-INFO-输入内容
2019-03-03 11:18:39,919-BasePage-INFO-输入内容
2019-03-03 11:18:49,128-BrowserEngline-INFO-日志记录退出并关闭浏览器
