2019-02-28 09:19:32,829-BrowserEngline-INFO-You had select Chrome browser
2019-02-28 09:19:32,829-BrowserEngline-INFO-The test sever url is:http://127.0.0.1/forum.php
2019-02-28 09:19:36,253-BrowserEngline-INFO-Staring chrome browser.
2019-02-28 09:19:36,860-BrowserEngline-INFO-Open url:http://127.0.0.1/forum.php
2019-02-28 09:19:38,046-BrowserEngline-INFO-Maximize the current window.
2019-02-28 09:19:38,049-BrowserEngline-INFO-Set implicity wait 10 seconds. 
2019-02-28 09:19:38,294-BasePage-INFO-输入内容
2019-02-28 09:19:38,407-BasePage-INFO-输入内容
2019-02-28 09:19:50,189-BasePage-ERROR-id页面未找到moderate[]元素
2019-02-28 09:19:57,350-BrowserEngline-INFO-You had select Chrome browser
2019-02-28 09:19:57,350-BrowserEngline-INFO-The test sever url is:http://127.0.0.1/forum.php
2019-02-28 09:20:00,174-BrowserEngline-INFO-Staring chrome browser.
2019-02-28 09:20:00,851-BrowserEngline-INFO-Open url:http://127.0.0.1/forum.php
2019-02-28 09:20:01,999-BrowserEngline-INFO-Maximize the current window.
2019-02-28 09:20:02,001-BrowserEngline-INFO-Set implicity wait 10 seconds. 
2019-02-28 09:20:02,249-BasePage-INFO-输入内容
2019-02-28 09:20:02,392-BasePage-INFO-输入内容
2019-02-28 09:20:14,674-BasePage-ERROR-id页面未找到moderate[]元素
2019-02-28 09:20:24,334-BasePage-ERROR-css selector页面未找到#mdly > p:nth-child(6) > strong:nth-child(1) > a元素
2019-02-28 09:20:30,442-BasePage-ERROR-css selector页面未找到#modsubmit > span元素
2019-02-28 09:20:36,541-BasePage-ERROR-xpath页面未找到//*[@id="um"]/p[1]/a[5]元素
