2019-02-27 20:52:14,795-BrowserEngline-INFO-You had select Chrome browser
2019-02-27 20:52:14,795-BrowserEngline-INFO-The test sever url is:http://127.0.0.1/forum.php
2019-02-27 20:52:18,199-BrowserEngline-INFO-Staring chrome browser.
2019-02-27 20:52:19,009-BrowserEngline-INFO-Open url:http://127.0.0.1/forum.php
2019-02-27 20:52:20,136-BrowserEngline-INFO-Maximize the current window.
2019-02-27 20:52:20,140-BrowserEngline-INFO-Set implicity wait 10 seconds. 
2019-02-27 20:52:20,432-BasePage-INFO-输入内容
2019-02-27 20:52:20,614-BasePage-INFO-输入内容
2019-02-27 20:52:33,243-BasePage-ERROR-css selector页面未找到#normalthread_12 > tr > td.o > input[type="checkbox"]元素
2019-02-27 20:52:51,248-BasePage-ERROR-css selector页面未找到#loginform > p:nth-child(6) > input元素
2019-02-27 20:52:51,250-BasePage-ERROR-Failed to type in input box with 'NoneType' object has no attribute 'send_keys'
2019-02-27 20:53:02,293-BasePage-ERROR-name页面未找到submit元素
2019-02-27 20:53:13,423-BasePage-ERROR-css selector页面未找到#header_forum元素
2019-02-27 20:53:24,509-BasePage-ERROR-class name页面未找到addtr元素
2019-02-27 20:53:35,590-BasePage-ERROR-name页面未找到newforum[1][],元素
2019-02-27 20:53:36,861-BasePage-ERROR-name页面未找到newforum[1][],元素
2019-02-27 20:53:36,862-BasePage-ERROR-Failed to type in input box with 'NoneType' object has no attribute 'send_keys'
2019-02-27 20:53:36,867-BasePage-ERROR-name页面未找到submit_editsubmit元素
2019-02-27 20:53:36,870-BasePage-ERROR-css selector页面未找到#frameuinfo > p:nth-child(1) > a元素
2019-02-27 20:53:36,877-BasePage-ERROR-xpath页面未找到//*[@id="um"]/p[1]/a[5]元素
2019-02-27 20:53:36,884-BasePage-ERROR-id页面未找到ls_username元素
2019-02-27 20:53:36,884-BasePage-ERROR-Failed to type in input box with 'NoneType' object has no attribute 'send_keys'
2019-02-27 20:53:36,887-BasePage-ERROR-id页面未找到ls_password元素
2019-02-27 20:53:36,888-BasePage-ERROR-Failed to type in input box with 'NoneType' object has no attribute 'send_keys'
2019-02-27 20:53:36,892-BasePage-ERROR-css selector页面未找到.pn em元素
