2019-02-27 16:46:02,571-BrowserEngline-INFO-You had select Chrome browser
2019-02-27 16:46:02,571-BrowserEngline-INFO-The test sever url is:http://127.0.0.1/forum.php?mod=viewthread&tid=1&extra=
2019-02-27 16:46:04,060-BrowserEngline-INFO-You had select Chrome browser
2019-02-27 16:46:04,060-BrowserEngline-INFO-The test sever url is:http://127.0.0.1/forum.php?mod=viewthread&tid=1&extra=
2019-02-27 16:46:06,219-BrowserEngline-INFO-Staring chrome browser.
2019-02-27 16:46:09,468-BrowserEngline-INFO-Staring chrome browser.
2019-02-27 16:46:09,946-BrowserEngline-INFO-Open url:http://127.0.0.1/forum.php?mod=viewthread&tid=1&extra=
2019-02-27 16:46:11,204-BrowserEngline-INFO-Maximize the current window.
2019-02-27 16:46:11,217-BrowserEngline-INFO-Open url:http://127.0.0.1/forum.php?mod=viewthread&tid=1&extra=
2019-02-27 16:46:11,405-BasePage-INFO-输入内容
2019-02-27 16:46:11,563-BasePage-INFO-输入内容
2019-02-27 16:46:12,471-BrowserEngline-INFO-Maximize the current window.
2019-02-27 16:46:12,476-BrowserEngline-INFO-Set implicity wait 10 seconds. 
2019-02-27 16:46:12,752-BasePage-INFO-输入内容
2019-02-27 16:46:12,907-BasePage-INFO-输入内容
2019-02-27 16:46:22,777-BasePage-ERROR-xpath页面未找到//*[@id="subject"]元素
2019-02-27 16:46:22,779-BasePage-ERROR-Failed to type in input box with 'NoneType' object has no attribute 'send_keys'
2019-02-27 16:46:22,899-BasePage-ERROR-Failed to type in input box with Message: unknown error: cannot focus element
  (Session info: chrome=72.0.3626.64)
  (Driver info: chromedriver=2.41.578737 (49da6702b16031c40d63e5618de03a32ff6c197e),platform=Windows NT 10.0.17134 x86_64)

2019-02-27 16:46:24,107-BasePage-ERROR-xpath页面未找到//*[@id="subject"]元素
2019-02-27 16:46:24,107-BasePage-ERROR-Failed to type in input box with 'NoneType' object has no attribute 'send_keys'
2019-02-27 16:46:24,180-BasePage-ERROR-Failed to type in input box with Message: unknown error: cannot focus element
  (Session info: chrome=72.0.3626.64)
  (Driver info: chromedriver=2.41.578737 (49da6702b16031c40d63e5618de03a32ff6c197e),platform=Windows NT 10.0.17134 x86_64)

2019-02-27 16:46:30,472-BrowserEngline-INFO-日志记录退出并关闭浏览器
2019-02-27 16:46:31,758-BrowserEngline-INFO-日志记录退出并关闭浏览器
