2019-02-28 09:31:43,375-BrowserEngline-INFO-You had select Chrome browser
2019-02-28 09:31:43,375-BrowserEngline-INFO-The test sever url is:http:http://127.0.0.1/forum.php?mod=forumdisplay&fid=2
2019-02-28 09:31:46,239-BrowserEngline-INFO-Staring chrome browser.
2019-02-28 09:31:48,909-BrowserEngline-INFO-Open url:http:http://127.0.0.1/forum.php?mod=forumdisplay&fid=2
2019-02-28 09:31:50,035-BrowserEngline-INFO-Maximize the current window.
2019-02-28 09:31:50,037-BrowserEngline-INFO-Set implicity wait 10 seconds. 
2019-02-28 09:31:51,317-BasePage-ERROR-id页面未找到ls_username元素
2019-02-28 09:31:51,317-BasePage-ERROR-Failed to type in input box with 'NoneType' object has no attribute 'send_keys'
2019-02-28 09:31:51,317-BasePage-ERROR-id页面未找到ls_password元素
2019-02-28 09:31:51,317-BasePage-ERROR-Failed to type in input box with 'NoneType' object has no attribute 'send_keys'
2019-02-28 09:31:51,317-BasePage-ERROR-css selector页面未找到.pn em元素
2019-02-28 09:31:51,317-BasePage-ERROR-css selector页面未找到#category_1 > table > tbody > tr:nth-child(1) > td:nth-child(2) > h2 > a元素
2019-02-28 09:31:51,332-BasePage-ERROR-name页面未找到moderate[]元素
2019-02-28 09:31:51,332-BasePage-ERROR-css selector页面未找到#mdly > p:nth-child(6) > strong:nth-child(1) > a元素
2019-02-28 09:31:51,332-BasePage-ERROR-css selector页面未找到#modsubmit > span元素
2019-02-28 09:31:51,348-BasePage-ERROR-xpath页面未找到//*[@id="um"]/p[1]/a[5]元素
2019-02-28 09:31:56,581-BrowserEngline-INFO-日志记录退出并关闭浏览器
2019-02-28 09:31:56,753-BrowserEngline-INFO-You had select Chrome browser
2019-02-28 09:31:56,753-BrowserEngline-INFO-The test sever url is:http:http://127.0.0.1/forum.php?mod=forumdisplay&fid=2
2019-02-28 09:31:59,633-BrowserEngline-INFO-Staring chrome browser.
2019-02-28 09:32:02,263-BrowserEngline-INFO-Open url:http:http://127.0.0.1/forum.php?mod=forumdisplay&fid=2
2019-02-28 09:32:03,386-BrowserEngline-INFO-Maximize the current window.
2019-02-28 09:32:03,389-BrowserEngline-INFO-Set implicity wait 10 seconds. 
2019-02-28 09:32:06,751-BasePage-ERROR-id页面未找到ls_username元素
2019-02-28 09:32:06,751-BasePage-ERROR-Failed to type in input box with 'NoneType' object has no attribute 'send_keys'
2019-02-28 09:32:12,874-BasePage-ERROR-id页面未找到ls_password元素
2019-02-28 09:32:12,874-BasePage-ERROR-Failed to type in input box with 'NoneType' object has no attribute 'send_keys'
2019-02-28 09:32:18,928-BasePage-ERROR-css selector页面未找到.pn em元素
2019-02-28 09:32:25,045-BasePage-ERROR-css selector页面未找到#category_1 > table > tbody > tr:nth-child(1) > td:nth-child(2) > h2 > a元素
2019-02-28 09:32:31,133-BasePage-ERROR-name页面未找到moderate[]元素
2019-02-28 09:32:37,239-BasePage-ERROR-css selector页面未找到#mdly > p:nth-child(6) > strong:nth-child(1) > a元素
2019-02-28 09:32:43,320-BasePage-ERROR-css selector页面未找到#modsubmit > span元素
2019-02-28 09:32:49,398-BasePage-ERROR-xpath页面未找到//*[@id="um"]/p[1]/a[5]元素
2019-02-28 09:32:54,593-BrowserEngline-INFO-日志记录退出并关闭浏览器
