2019-03-03 11:25:04,524-BrowserEngline-INFO-You had select Chrome browser
2019-03-03 11:25:04,524-BrowserEngline-INFO-The test sever url is:http://127.0.0.1/forum.php?mod=forumdisplay&fid=36
2019-03-03 11:25:07,825-BrowserEngline-INFO-Staring chrome browser.
2019-03-03 11:25:18,409-BrowserEngline-INFO-Open url:http://127.0.0.1/forum.php?mod=forumdisplay&fid=36
2019-03-03 11:25:19,565-BrowserEngline-INFO-Maximize the current window.
2019-03-03 11:25:19,569-BrowserEngline-INFO-Set implicity wait 10 seconds. 
2019-03-03 11:25:19,828-BasePage-INFO-输入内容
2019-03-03 11:25:20,020-BasePage-INFO-输入内容
2019-03-03 11:25:34,163-BasePage-ERROR-xpath页面未找到//*[@id="category_1"]/table/tbody/tr[1]/td[2]/h2/a元素
2019-03-03 11:25:34,287-BasePage-INFO-输入内容
2019-03-03 11:25:34,372-BasePage-ERROR-Failed to type in input box with Message: unknown error: cannot focus element
  (Session info: chrome=72.0.3626.64)
  (Driver info: chromedriver=2.41.578737 (49da6702b16031c40d63e5618de03a32ff6c197e),platform=Windows NT 10.0.17134 x86_64)

2019-03-03 11:26:00,455-BasePage-ERROR-id页面未找到fastpostmessage元素
2019-03-03 11:26:00,455-BasePage-ERROR-Failed to type in input box with 'NoneType' object has no attribute 'send_keys'
2019-03-03 11:26:11,756-BasePage-ERROR-link text页面未找到退出元素
2019-03-03 11:26:19,279-BrowserEngline-INFO-日志记录退出并关闭浏览器
2019-03-03 11:26:19,279-BrowserEngline-INFO-You had select Chrome browser
2019-03-03 11:26:19,279-BrowserEngline-INFO-The test sever url is:http://127.0.0.1/forum.php?mod=forumdisplay&fid=36
2019-03-03 11:26:25,041-BrowserEngline-INFO-Staring chrome browser.
2019-03-03 11:26:35,636-BrowserEngline-INFO-Open url:http://127.0.0.1/forum.php?mod=forumdisplay&fid=36
2019-03-03 11:26:36,777-BrowserEngline-INFO-Maximize the current window.
2019-03-03 11:26:36,780-BrowserEngline-INFO-Set implicity wait 10 seconds. 
2019-03-03 11:26:36,976-BasePage-INFO-输入内容
2019-03-03 11:26:37,079-BasePage-INFO-输入内容
2019-03-03 11:26:48,178-BasePage-ERROR-xpath页面未找到//*[@id="category_1"]/table/tbody/tr[1]/td[2]/h2/a元素
2019-03-03 11:26:59,225-BasePage-ERROR-name页面未找到moderate[]元素
2019-03-03 11:27:10,343-BasePage-ERROR-css selector页面未找到#mdly > p:nth-child(6) > strong:nth-child(1) > a元素
2019-03-03 11:27:21,396-BasePage-ERROR-css selector页面未找到#modsubmit > span元素
2019-03-03 11:27:32,494-BasePage-ERROR-css selector页面未找到#um > p:nth-child(2) > a:nth-child(16)元素
2019-03-03 11:27:34,885-BrowserEngline-INFO-日志记录退出并关闭浏览器
2019-03-03 11:27:34,885-BrowserEngline-INFO-You had select Chrome browser
2019-03-03 11:27:34,885-BrowserEngline-INFO-The test sever url is:http://127.0.0.1/forum.php?mod=forumdisplay&fid=36
2019-03-03 11:27:38,500-BrowserEngline-INFO-Staring chrome browser.
2019-03-03 11:27:49,237-BrowserEngline-INFO-Open url:http://127.0.0.1/forum.php?mod=forumdisplay&fid=36
2019-03-03 11:27:50,397-BrowserEngline-INFO-Maximize the current window.
2019-03-03 11:27:50,397-BrowserEngline-INFO-Set implicity wait 10 seconds. 
2019-03-03 11:27:55,827-BasePage-INFO-输入内容
2019-03-03 11:27:56,058-BasePage-INFO-输入内容
2019-03-03 11:27:58,265-BasePage-INFO-输入内容
2019-03-03 11:28:02,697-BrowserEngline-INFO-日志记录退出并关闭浏览器
2019-03-03 11:28:02,699-BrowserEngline-INFO-You had select Chrome browser
2019-03-03 11:28:02,699-BrowserEngline-INFO-The test sever url is:http://127.0.0.1/forum.php?mod=forumdisplay&fid=36
2019-03-03 11:28:05,761-BrowserEngline-INFO-Staring chrome browser.
2019-03-03 11:28:06,712-BrowserEngline-INFO-Open url:http://127.0.0.1/forum.php?mod=forumdisplay&fid=36
2019-03-03 11:28:07,840-BrowserEngline-INFO-Maximize the current window.
2019-03-03 11:28:07,843-BrowserEngline-INFO-Set implicity wait 10 seconds. 
2019-03-03 11:28:08,038-BasePage-INFO-输入内容
2019-03-03 11:28:08,288-BasePage-INFO-输入内容
2019-03-03 11:28:19,424-BasePage-ERROR-css selector页面未找到#category_1>table>tbody>tr:nth-child(1)>td:nth-child(2)>h2>a元素
2019-03-03 11:28:30,591-BasePage-ERROR-css selector页面未找到#editorbox > ul > li:nth-child(2) > a元素
2019-03-03 11:28:30,780-BasePage-INFO-输入内容
2019-03-03 11:28:41,876-BasePage-ERROR-css selector页面未找到#pollm_c_1>p:nth-child(1)>input元素
2019-03-03 11:28:41,876-BasePage-ERROR-Failed to type in input box with 'NoneType' object has no attribute 'send_keys'
2019-03-03 11:28:52,967-BasePage-ERROR-css selector页面未找到#pollm_c_1>p:nth-child(2)>input元素
2019-03-03 11:28:52,967-BasePage-ERROR-Failed to type in input box with 'NoneType' object has no attribute 'send_keys'
2019-03-03 11:29:04,031-BasePage-ERROR-css selector页面未找到.pn span元素
2019-03-03 11:29:15,180-BasePage-ERROR-link text页面未找到退出元素
2019-03-03 11:29:22,545-BrowserEngline-INFO-日志记录退出并关闭浏览器
