2019-02-28 11:59:00,817-BrowserEngline-INFO-You had select Chrome browser
2019-02-28 11:59:00,817-BrowserEngline-INFO-The test sever url is:http://127.0.0.1/forum.php?mod=forumdisplay&fid=2
2019-02-28 11:59:03,932-BrowserEngline-INFO-Staring chrome browser.
2019-02-28 11:59:04,706-BrowserEngline-INFO-Open url:http://127.0.0.1/forum.php?mod=forumdisplay&fid=2
2019-02-28 11:59:05,862-BrowserEngline-INFO-Maximize the current window.
2019-02-28 11:59:05,863-BrowserEngline-INFO-Set implicity wait 10 seconds. 
2019-02-28 11:59:06,119-BasePage-INFO-输入内容
2019-02-28 11:59:06,257-BasePage-INFO-输入内容
2019-02-28 11:59:08,738-BrowserEngline-INFO-日志记录退出并关闭浏览器
2019-02-28 11:59:26,624-BrowserEngline-INFO-You had select Chrome browser
2019-02-28 11:59:26,624-BrowserEngline-INFO-The test sever url is:http://127.0.0.1/forum.php?mod=forumdisplay&fid=2
2019-02-28 11:59:29,660-BrowserEngline-INFO-Staring chrome browser.
2019-02-28 11:59:30,447-BrowserEngline-INFO-Open url:http://127.0.0.1/forum.php?mod=forumdisplay&fid=2
2019-02-28 11:59:31,631-BrowserEngline-INFO-Maximize the current window.
2019-02-28 11:59:31,631-BrowserEngline-INFO-Set implicity wait 10 seconds. 
2019-02-28 11:59:31,878-BasePage-INFO-输入内容
2019-02-28 11:59:32,041-BasePage-INFO-输入内容
2019-02-28 11:59:33,038-BasePage-ERROR-Failed to type in input box with Message: stale element reference: element is not attached to the page document
  (Session info: chrome=72.0.3626.64)
  (Driver info: chromedriver=2.41.578737 (49da6702b16031c40d63e5618de03a32ff6c197e),platform=Windows NT 10.0.17134 x86_64)

2019-02-28 11:59:38,155-BasePage-ERROR-id页面未找到ls_password元素
2019-02-28 11:59:38,155-BasePage-ERROR-Failed to type in input box with 'NoneType' object has no attribute 'send_keys'
2019-02-28 11:59:38,171-BasePage-ERROR-css selector页面未找到.pn em元素
2019-02-28 11:59:43,185-BasePage-ERROR-css selector页面未找到#category_1 > table > tbody > tr:nth-child(2) > td:nth-child(2) > h2 > a元素
2019-02-28 11:59:43,201-BasePage-ERROR-css selector页面未找到.px元素
2019-02-28 11:59:43,201-BasePage-ERROR-Failed to type in input box with 'NoneType' object has no attribute 'send_keys'
2019-02-28 11:59:43,201-BasePage-ERROR-css selector页面未找到.pt元素
2019-02-28 11:59:43,201-BasePage-ERROR-Failed to type in input box with 'NoneType' object has no attribute 'send_keys'
2019-02-28 11:59:43,201-BasePage-ERROR-css selector页面未找到p .pn strong元素
2019-02-28 11:59:56,433-BrowserEngline-INFO-You had select Chrome browser
2019-02-28 11:59:56,433-BrowserEngline-INFO-The test sever url is:http://127.0.0.1/forum.php?mod=forumdisplay&fid=2
2019-02-28 11:59:58,221-BasePage-ERROR-id页面未找到fastpostmessage元素
2019-02-28 11:59:58,221-BasePage-ERROR-Failed to type in input box with 'NoneType' object has no attribute 'send_keys'
2019-02-28 11:59:58,244-BasePage-ERROR-xpath页面未找到//*[@id="fastpostsubmit"]元素
2019-02-28 11:59:58,248-BasePage-ERROR-css selector页面未找到#header_forum元素
2019-02-28 11:59:59,773-BrowserEngline-INFO-Staring chrome browser.
2019-02-28 12:00:00,534-BrowserEngline-INFO-Open url:http://127.0.0.1/forum.php?mod=forumdisplay&fid=2
2019-02-28 12:00:01,662-BrowserEngline-INFO-Maximize the current window.
2019-02-28 12:00:01,666-BrowserEngline-INFO-Set implicity wait 10 seconds. 
2019-02-28 12:00:01,972-BasePage-INFO-输入内容
2019-02-28 12:00:02,146-BasePage-INFO-输入内容
2019-02-28 12:00:03,312-BasePage-ERROR-Failed to type in input box with Message: stale element reference: element is not attached to the page document
  (Session info: chrome=72.0.3626.64)
  (Driver info: chromedriver=2.41.578737 (49da6702b16031c40d63e5618de03a32ff6c197e),platform=Windows NT 10.0.17134 x86_64)

2019-02-28 12:00:03,478-BrowserEngline-INFO-日志记录退出并关闭浏览器
2019-02-28 12:00:06,472-BasePage-ERROR-id页面未找到ls_password元素
2019-02-28 12:00:06,472-BasePage-ERROR-Failed to type in input box with 'NoneType' object has no attribute 'send_keys'
2019-02-28 12:00:12,610-BasePage-ERROR-css selector页面未找到.pn em元素
2019-02-28 12:00:23,748-BasePage-ERROR-css selector页面未找到#category_1 > table > tbody > tr:nth-child(2) > td:nth-child(2) > h2 > a元素
2019-02-28 12:00:29,887-BasePage-ERROR-css selector页面未找到.px元素
2019-02-28 12:00:29,887-BasePage-ERROR-Failed to type in input box with 'NoneType' object has no attribute 'send_keys'
2019-02-28 12:00:35,975-BasePage-ERROR-css selector页面未找到.pt元素
2019-02-28 12:00:35,976-BasePage-ERROR-Failed to type in input box with 'NoneType' object has no attribute 'send_keys'
2019-02-28 12:00:42,030-BasePage-ERROR-css selector页面未找到p .pn strong元素
2019-02-28 12:01:03,104-BasePage-ERROR-id页面未找到fastpostmessage元素
2019-02-28 12:01:03,104-BasePage-ERROR-Failed to type in input box with 'NoneType' object has no attribute 'send_keys'
2019-02-28 12:01:09,145-BasePage-ERROR-xpath页面未找到//*[@id="fastpostsubmit"]元素
2019-02-28 12:01:15,175-BasePage-ERROR-css selector页面未找到#header_forum元素
2019-02-28 12:01:20,454-BrowserEngline-INFO-日志记录退出并关闭浏览器
