2019-02-28 15:58:00,371-BrowserEngline-INFO-You had select Chrome browser
2019-02-28 15:58:00,371-BrowserEngline-INFO-The test sever url is:http://127.0.0.1/forum.php?mod=forumdisplay&fid=2
2019-02-28 15:58:03,299-BrowserEngline-INFO-Staring chrome browser.
2019-02-28 15:58:03,913-BrowserEngline-INFO-Open url:http://127.0.0.1/forum.php?mod=forumdisplay&fid=2
2019-02-28 15:58:05,056-BrowserEngline-INFO-Maximize the current window.
2019-02-28 15:58:05,058-BrowserEngline-INFO-Set implicity wait 10 seconds. 
2019-02-28 15:58:05,290-BasePage-INFO-输入内容
2019-02-28 15:58:05,415-BasePage-INFO-输入内容
2019-02-28 15:58:17,100-BasePage-ERROR-css selector页面未找到#category_1 > table > tbody > tr:nth-child(1) > td:nth-child(2) > h2 > a元素
2019-02-28 15:58:23,177-BasePage-ERROR-name页面未找到moderate[]元素
2019-02-28 15:58:29,375-BasePage-ERROR-css selector页面未找到#mdly > p:nth-child(6) > strong:nth-child(1) > a元素
2019-02-28 15:58:34,515-BrowserEngline-INFO-You had select Chrome browser
2019-02-28 15:58:34,515-BrowserEngline-INFO-The test sever url is:http://127.0.0.1/forum.php
2019-02-28 15:58:35,499-BasePage-ERROR-css selector页面未找到#modsubmit > span元素
2019-02-28 15:58:37,508-BrowserEngline-INFO-Staring chrome browser.
2019-02-28 15:58:38,224-BrowserEngline-INFO-Open url:http://127.0.0.1/forum.php
2019-02-28 15:58:39,380-BrowserEngline-INFO-Maximize the current window.
2019-02-28 15:58:39,383-BrowserEngline-INFO-Set implicity wait 10 seconds. 
2019-02-28 15:58:39,640-BasePage-INFO-输入内容
2019-02-28 15:58:39,794-BasePage-INFO-输入内容
2019-02-28 15:58:41,557-BasePage-ERROR-css selector页面未找到#um > p:nth-child(2) > a:nth-child(16)元素
2019-02-28 15:58:44,027-BrowserEngline-INFO-日志记录退出并关闭浏览器
2019-02-28 15:58:50,162-BasePage-ERROR-name页面未找到moderate[]元素
2019-02-28 15:58:50,171-BasePage-ERROR-css selector页面未找到#mdly > p:nth-child(6) > strong:nth-child(1) > a元素
2019-02-28 15:58:50,176-BasePage-ERROR-css selector页面未找到#modsubmit > span元素
2019-02-28 15:58:50,180-BasePage-ERROR-css selector页面未找到#um > p:nth-child(2) > a:nth-child(16)元素
2019-02-28 15:58:54,464-BrowserEngline-INFO-日志记录退出并关闭浏览器
